This is pdfTeX, Version 3.14159265-2.6-1.40.20 (TeX Live 2019) (preloaded format=pdflatex 2019.5.8)  28 AUG 2019 18:52
entering extended mode
 restricted \write18 enabled.
 file:line:error style messages enabled.
 %&-line parsing enabled.
**commands.tex
(./commands.tex
LaTeX2e <2018-12-01>
./commands.tex:5: Undefined control sequence.
l.5 \newboolean
               {ElectronicVersion}
? 
./commands.tex:5: Emergency stop.
l.5 \newboolean
               {ElectronicVersion}
End of file on the terminal!

 
Here is how much of TeX's memory you used:
 10 strings out of 492616
 149 string characters out of 6129482
 57124 words of memory out of 5000000
 4030 multiletter control sequences out of 15000+600000
 3640 words of font info for 14 fonts, out of 8000000 for 9000
 1141 hyphenation exceptions out of 8191
 7i,0n,7p,113b,8s stack positions out of 5000i,500n,10000p,200000b,80000s
./commands.tex:5:  ==> Fatal error occurred, no output PDF file produced!
